{"/media/umar/5726944d-7912-4e7d-9253-8f707ed90d4e1/Learning 2024/javaScript-node/Dsa-and-also/algo/57-containsArray.js": {"path":"/media/umar/5726944d-7912-4e7d-9253-8f707ed90d4e1/Learning 2024/javaScript-node/Dsa-and-also/algo/57-containsArray.js","statementMap":{"0":{"start":{"line":11,"column":22},"end":{"line":27,"column":1}},"1":{"start":{"line":14,"column":12},"end":{"line":14,"column":14}},"2":{"start":{"line":15,"column":2},"end":{"line":19,"column":3}},"3":{"start":{"line":15,"column":15},"end":{"line":15,"column":16}},"4":{"start":{"line":16,"column":4},"end":{"line":18,"column":5}},"5":{"start":{"line":17,"column":6},"end":{"line":17,"column":26}},"6":{"start":{"line":21,"column":2},"end":{"line":25,"column":3}},"7":{"start":{"line":21,"column":19},"end":{"line":21,"column":20}},"8":{"start":{"line":22,"column":4},"end":{"line":24,"column":5}},"9":{"start":{"line":23,"column":6},"end":{"line":23,"column":18}},"10":{"start":{"line":26,"column":2},"end":{"line":26,"column":15}},"11":{"start":{"line":29,"column":0},"end":{"line":29,"column":31}}},"fnMap":{"0":{"name":"(anonymous_0)","decl":{"start":{"line":11,"column":22},"end":{"line":11,"column":23}},"loc":{"start":{"line":11,"column":38},"end":{"line":27,"column":1}},"line":11}},"branchMap":{"0":{"loc":{"start":{"line":16,"column":4},"end":{"line":18,"column":5}},"type":"if","locations":[{"start":{"line":16,"column":4},"end":{"line":18,"column":5}},{"start":{},"end":{}}],"line":16},"1":{"loc":{"start":{"line":22,"column":4},"end":{"line":24,"column":5}},"type":"if","locations":[{"start":{"line":22,"column":4},"end":{"line":24,"column":5}},{"start":{},"end":{}}],"line":22}},"s":{"0":1,"1":19,"2":19,"3":19,"4":20034,"5":35,"6":19,"7":19,"8":20022,"9":11,"10":8,"11":1},"f":{"0":19},"b":{"0":[35,19999],"1":[11,20011]},"_coverageSchema":"1a1c01bbd47fc00a2c39e90264f33305004495a9","hash":"b08a5d44348a344a0bce5091c878c7b9461ca726"}
,"/media/umar/5726944d-7912-4e7d-9253-8f707ed90d4e1/Learning 2024/javaScript-node/Dsa-and-also/algo/celebrity.js": {"path":"/media/umar/5726944d-7912-4e7d-9253-8f707ed90d4e1/Learning 2024/javaScript-node/Dsa-and-also/algo/celebrity.js","statementMap":{"0":{"start":{"line":3,"column":4},"end":{"line":3,"column":15}},"1":{"start":{"line":4,"column":4},"end":{"line":4,"column":25}},"2":{"start":{"line":5,"column":4},"end":{"line":5,"column":41}},"3":{"start":{"line":6,"column":4},"end":{"line":6,"column":42}},"4":{"start":{"line":9,"column":4},"end":{"line":15,"column":5}},"5":{"start":{"line":9,"column":21},"end":{"line":9,"column":22}},"6":{"start":{"line":10,"column":6},"end":{"line":14,"column":7}},"7":{"start":{"line":10,"column":28},"end":{"line":10,"column":29}},"8":{"start":{"line":11,"column":22},"end":{"line":11,"column":52}},"9":{"start":{"line":12,"column":8},"end":{"line":12,"column":38}},"10":{"start":{"line":13,"column":8},"end":{"line":13,"column":44}},"11":{"start":{"line":16,"column":4},"end":{"line":20,"column":5}},"12":{"start":{"line":16,"column":17},"end":{"line":16,"column":18}},"13":{"start":{"line":17,"column":6},"end":{"line":19,"column":7}},"14":{"start":{"line":18,"column":8},"end":{"line":18,"column":17}},"15":{"start":{"line":21,"column":4},"end":{"line":21,"column":14}},"16":{"start":{"line":24,"column":0},"end":{"line":24,"column":34}}},"fnMap":{"0":{"name":"(anonymous_0)","decl":{"start":{"line":2,"column":2},"end":{"line":2,"column":3}},"loc":{"start":{"line":2,"column":25},"end":{"line":7,"column":3}},"line":2},"1":{"name":"(anonymous_1)","decl":{"start":{"line":8,"column":2},"end":{"line":8,"column":3}},"loc":{"start":{"line":8,"column":18},"end":{"line":22,"column":3}},"line":8}},"branchMap":{"0":{"loc":{"start":{"line":17,"column":6},"end":{"line":19,"column":7}},"type":"if","locations":[{"start":{"line":17,"column":6},"end":{"line":19,"column":7}},{"start":{},"end":{}}],"line":17},"1":{"loc":{"start":{"line":17,"column":10},"end":{"line":17,"column":68}},"type":"binary-expr","locations":[{"start":{"line":17,"column":10},"end":{"line":17,"column":42}},{"start":{"line":17,"column":46},"end":{"line":17,"column":68}}],"line":17}},"s":{"0":5,"1":5,"2":5,"3":5,"4":5,"5":5,"6":16,"7":16,"8":52,"9":52,"10":52,"11":5,"12":5,"13":13,"14":2,"15":3,"16":1},"f":{"0":5,"1":5},"b":{"0":[2,11],"1":[13,4]},"_coverageSchema":"1a1c01bbd47fc00a2c39e90264f33305004495a9","hash":"ac7e9b45e3cf389134bca4ca94a06ff7ef3e42e6"}
}
