{"/media/umar/5726944d-7912-4e7d-9253-8f707ed90d4e/Learning 2024/javaScript-node/Dsa-and-also/algo/57-containsArray.js": {"path":"/media/umar/5726944d-7912-4e7d-9253-8f707ed90d4e/Learning 2024/javaScript-node/Dsa-and-also/algo/57-containsArray.js","statementMap":{"0":{"start":{"line":11,"column":22},"end":{"line":27,"column":1}},"1":{"start":{"line":14,"column":12},"end":{"line":14,"column":14}},"2":{"start":{"line":15,"column":2},"end":{"line":19,"column":3}},"3":{"start":{"line":15,"column":15},"end":{"line":15,"column":16}},"4":{"start":{"line":16,"column":4},"end":{"line":18,"column":5}},"5":{"start":{"line":17,"column":6},"end":{"line":17,"column":26}},"6":{"start":{"line":21,"column":2},"end":{"line":25,"column":3}},"7":{"start":{"line":21,"column":19},"end":{"line":21,"column":20}},"8":{"start":{"line":22,"column":4},"end":{"line":24,"column":5}},"9":{"start":{"line":23,"column":6},"end":{"line":23,"column":18}},"10":{"start":{"line":26,"column":2},"end":{"line":26,"column":15}},"11":{"start":{"line":29,"column":0},"end":{"line":29,"column":31}}},"fnMap":{"0":{"name":"(anonymous_0)","decl":{"start":{"line":11,"column":22},"end":{"line":11,"column":23}},"loc":{"start":{"line":11,"column":38},"end":{"line":27,"column":1}},"line":11}},"branchMap":{"0":{"loc":{"start":{"line":16,"column":4},"end":{"line":18,"column":5}},"type":"if","locations":[{"start":{"line":16,"column":4},"end":{"line":18,"column":5}},{"start":{},"end":{}}],"line":16},"1":{"loc":{"start":{"line":22,"column":4},"end":{"line":24,"column":5}},"type":"if","locations":[{"start":{"line":22,"column":4},"end":{"line":24,"column":5}},{"start":{},"end":{}}],"line":22}},"s":{"0":1,"1":19,"2":19,"3":19,"4":20034,"5":35,"6":19,"7":19,"8":20022,"9":11,"10":8,"11":1},"f":{"0":19},"b":{"0":[35,19999],"1":[11,20011]},"_coverageSchema":"1a1c01bbd47fc00a2c39e90264f33305004495a9","hash":"e8471ee6814652f7820b9ddf03b6d7f7352db282"}
}
