TN:
SF:algo/57-containsArray.js
FN:11,(anonymous_0)
FNF:1
FNH:1
FNDA:19,(anonymous_0)
DA:11,1
DA:14,19
DA:15,19
DA:16,20034
DA:17,35
DA:21,19
DA:22,20022
DA:23,11
DA:26,8
DA:29,1
LF:10
LH:10
BRDA:16,0,0,35
BRDA:16,0,1,19999
BRDA:22,1,0,11
BRDA:22,1,1,20011
BRF:4
BRH:4
end_of_record
TN:
SF:algo/celebrity.js
FN:2,(anonymous_0)
FN:8,(anonymous_1)
FNF:2
FNH:2
FNDA:5,(anonymous_0)
FNDA:5,(anonymous_1)
DA:3,5
DA:4,5
DA:5,5
DA:6,5
DA:9,5
DA:10,16
DA:11,52
DA:12,52
DA:13,52
DA:16,5
DA:17,13
DA:18,2
DA:21,3
DA:24,1
LF:14
LH:14
BRDA:17,0,0,2
BRDA:17,0,1,11
BRDA:17,1,0,13
BRDA:17,1,1,4
BRF:4
BRH:4
end_of_record
